28-10-2017 at 10:05 AM CRIT (2): <div class="page-not-404"><div class="div503"></div><p class="page-text">Application error</p><p class="sry-text">Sorry, but the page you are looking for has not been found. Try checking URL for errors, then hit the refresh button on your browser</p></div> Zend_Db_Select_Exception: Unrecognized method 'get()' in /var/www/html/sentrifugo/Zend/Db/Select.php:1332
Stack trace:
#0 /var/www/html/sentrifugo/application/modules/default/controllers/WalkController.php(52): Zend_Db_Select->__call('get', Array)
#1 /var/www/html/sentrifugo/Zend/Controller/Action.php(516): Default_WalkController->leavesAction()
#2 /var/www/html/sentrifugo/Zend/Controller/Dispatcher/Standard.php(295): Zend_Controller_Action->dispatch('leavesAction')
#3 /var/www/html/sentrifugo/Zend/Controller/Front.php(954): Zend_Controller_Dispatcher_Standard->dispatch(Object(Zend_Controller_Request_Http), Object(Zend_Controller_Response_Http))
#4 /var/www/html/sentrifugo/Zend/Application/Bootstrap/Bootstrap.php(97): Zend_Controller_Front->dispatch()
#5 /var/www/html/sentrifugo/Zend/Application.php(366): Zend_Application_Bootstrap_Bootstrap->run()
#6 /var/www/html/sentrifugo/index.php(110): Zend_Application->run()
#7 {main}28-10-2017 at 10:05 AM CRIT (2): Request Parameters: array (
  'controller' => 'walk',
  'action' => 'leaves',
  'module' => 'default',
)[28-Oct-2017 04:46:17 Asia/Calcutta] PHP Notice:  Undefined variable: monthlyLeavesLog in /var/www/html/sentrifugo/application/modules/default/models/MonthlyLeavesLog.php on line 32
[28-Oct-2017 04:46:17 Asia/Calcutta] PHP Stack trace:
[28-Oct-2017 04:46:17 Asia/Calcutta] PHP   1. {main}() /var/www/html/sentrifugo/index.php:0
[28-Oct-2017 04:46:17 Asia/Calcutta] PHP   2. Zend_Application->run() /var/www/html/sentrifugo/index.php:110
[28-Oct-2017 04:46:17 Asia/Calcutta] PHP   3. Default_Bootstrap->run() /var/www/html/sentrifugo/Zend/Application.php:366
[28-Oct-2017 04:46:17 Asia/Calcutta] PHP   4. Zend_Controller_Front->dispatch($request = *uninitialized*, $response = *uninitialized*) /var/www/html/sentrifugo/Zend/Application/Bootstrap/Bootstrap.php:97
[28-Oct-2017 04:46:17 Asia/Calcutta] PHP   5. Zend_Controller_Dispatcher_Standard->dispatch($request = *uninitialized*, $response = *uninitialized*) /var/www/html/sentrifugo/Zend/Controller/Front.php:954
[28-Oct-2017 04:46:17 Asia/Calcutta] PHP   6. Default_WalkController->dispatch($action = *uninitialized*) /var/www/html/sentrifugo/Zend/Controller/Dispatcher/Standard.php:295
[28-Oct-2017 04:46:17 Asia/Calcutta] PHP   7. Default_WalkController->leavesAction() /var/www/html/sentrifugo/Zend/Controller/Action.php:516
[28-Oct-2017 04:46:17 Asia/Calcutta] PHP   8. array_walk(*uninitialized*, *uninitialized*) /var/www/html/sentrifugo/application/modules/default/controllers/WalkController.php:91
[28-Oct-2017 04:46:17 Asia/Calcutta] PHP   9. Default_WalkController->{closure:/var/www/html/sentrifugo/application/modules/default/controllers/WalkController.php:62-91}($employee = *uninitialized*, *uninitialized*) /var/www/html/sentrifugo/application/modules/default/controllers/WalkController.php:91
[28-Oct-2017 04:46:17 Asia/Calcutta] PHP  10. Default_Model_MonthlyLeavesLog->resetConfirmation($user_id = *uninitialized*, $remainingLeaves = *uninitialized*) /var/www/html/sentrifugo/application/modules/default/controllers/WalkController.php:73
[28-Oct-2017 04:46:17 Asia/Calcutta] PHP  11. Default_Model_MonthlyLeavesLog->hasLog($user_id = *uninitialized*, $logMonth = *uninitialized*) /var/www/html/sentrifugo/application/modules/default/models/MonthlyLeavesLog.php:14
[28-Oct-2017 04:46:34 Asia/Calcutta] PHP Fatal error:  Uncaught Error: Call to a member function select() on null in /var/www/html/sentrifugo/application/modules/default/models/MonthlyLeavesLog.php:32
Stack trace:
#0 /var/www/html/sentrifugo/application/modules/default/models/MonthlyLeavesLog.php(14): Default_Model_MonthlyLeavesLog->hasLog('5', '10')
#1 /var/www/html/sentrifugo/application/modules/default/controllers/WalkController.php(73): Default_Model_MonthlyLeavesLog->resetConfirmation('5', 14)
#2 [internal function]: Default_WalkController->{closure}(Array, 0)
#3 /var/www/html/sentrifugo/application/modules/default/controllers/WalkController.php(91): array_walk(Array, Object(Closure))
#4 /var/www/html/sentrifugo/Zend/Controller/Action.php(516): Default_WalkController->leavesAction()
#5 /var/www/html/sentrifugo/Zend/Controller/Dispatcher/Standard.php(295): Zend_Controller_Action->dispatch('leavesAction')
#6 /var/www/html/sentrifugo/Zend/Controller/Front.php(954): Zend_Controller_Dispatcher_Standard->dispatch(Object(Zend_Controller_Request_Http), Object(Zend_C in /var/www/html/sentrifugo/application/modules/default/models/MonthlyLeavesLog.php on line 32
